0 info it worked if it ends with ok
1 verbose cli [ 'C:\\Program Files\\nodejs\\node.exe',
1 verbose cli   'C:\\Program Files\\nodejs\\node_modules\\npm\\bin\\npm-cli.js',
1 verbose cli   'start' ]
2 info using npm@3.10.10
3 info using node@v6.11.2
4 verbose run-script [ 'prestart', 'start', 'poststart' ]
5 info lifecycle chatapp@0.0.0~prestart: chatapp@0.0.0
6 silly lifecycle chatapp@0.0.0~prestart: no script for prestart, continuing
7 info lifecycle chatapp@0.0.0~start: chatapp@0.0.0
8 verbose lifecycle chatapp@0.0.0~start: unsafe-perm in lifecycle true
9 verbose lifecycle chatapp@0.0.0~start: PATH: C:\Users\kirti\AppData\Roaming\nvm\v6.11.2\node_modules\npm\bin\node-gyp-bin;D:\Bitnami\meanstack-3.4.6-0\project\chatapp\node_modules\.bin;C:\Windows\system32;C:\Windows;C:\Windows\System32\Wbem;C:\Windows\System32\WindowsPowerShell\v1.0\;C:\Program Files\Intel\WiFi\bin\;C:\Program Files\Common Files\Intel\WirelessCommon\;C:\Users\kirti\AppData\Roaming\nvm;C:\Program Files\nodejs;;C:\Program Files (x86)\Intel\OpenCL SDK\2.0\bin\x86;C:\Program Files (x86)\Intel\OpenCL SDK\2.0\bin\x64;D:\Bitnami\meanstack-3.4.6-0\mongodb\bin;C:\Program Files\Intel\WiFi\bin\;C:\Program Files\Common Files\Intel\WirelessCommon\;C:\Users\kirti\AppData\Roaming\nvm;C:\Program Files\nodejs;C:\Users\kirti\AppData\Roaming\npm;C:\Program Files\Microsoft VS Code\bin
10 verbose lifecycle chatapp@0.0.0~start: CWD: D:\Bitnami\meanstack-3.4.6-0\project\chatapp
11 silly lifecycle chatapp@0.0.0~start: Args: [ '/d /s /c', 'node app' ]
12 silly lifecycle chatapp@0.0.0~start: Returned: code: 1  signal: null
13 info lifecycle chatapp@0.0.0~start: Failed to exec start script
14 verbose stack Error: chatapp@0.0.0 start: `node app`
14 verbose stack Exit status 1
14 verbose stack     at EventEmitter.<anonymous> (C:\Users\kirti\AppData\Roaming\nvm\v6.11.2\node_modules\npm\lib\utils\lifecycle.js:255:16)
14 verbose stack     at emitTwo (events.js:106:13)
14 verbose stack     at EventEmitter.emit (events.js:191:7)
14 verbose stack     at ChildProcess.<anonymous> (C:\Users\kirti\AppData\Roaming\nvm\v6.11.2\node_modules\npm\lib\utils\spawn.js:40:14)
14 verbose stack     at emitTwo (events.js:106:13)
14 verbose stack     at ChildProcess.emit (events.js:191:7)
14 verbose stack     at maybeClose (internal/child_process.js:891:16)
14 verbose stack     at Process.ChildProcess._handle.onexit (internal/child_process.js:226:5)
15 verbose pkgid chatapp@0.0.0
16 verbose cwd D:\Bitnami\meanstack-3.4.6-0\project\chatapp
17 error Windows_NT 6.1.7600
18 error argv "C:\\Program Files\\nodejs\\node.exe" "C:\\Program Files\\nodejs\\node_modules\\npm\\bin\\npm-cli.js" "start"
19 error node v6.11.2
20 error npm  v3.10.10
21 error code ELIFECYCLE
22 error chatapp@0.0.0 start: `node app`
22 error Exit status 1
23 error Failed at the chatapp@0.0.0 start script 'node app'.
23 error Make sure you have the latest version of node.js and npm installed.
23 error If you do, this is most likely a problem with the chatapp package,
23 error not with npm itself.
23 error Tell the author that this fails on your system:
23 error     node app
23 error You can get information on how to open an issue for this project with:
23 error     npm bugs chatapp
23 error Or if that isn't available, you can get their info via:
23 error     npm owner ls chatapp
23 error There is likely additional logging output above.
24 verbose exit [ 1, true ]
